2024-07-25 23:16:04 -  - exec CUpdateClientPartner::__CollectRequestData
2024-07-25 23:16:04 -  - exec CUpdateClientPartner::GetHTTPPage
2024-07-25 23:16:04 -  - exec CUpdateClientPartner::ParseServerData
2024-07-25 23:16:04 -  - exec CUpdateClientPartner::GetUpdatesList
2024-07-25 23:16:04 -  - exec CUpdateClientPartner::__CollectRequestData
2024-07-25 23:16:04 -  - utf=Y&lang=ru&stable=Y&CANGZIP=Y&SUPD_DBS=MYSQL&XE=N&CLIENT_SITE=pajgashov.study.mcart.ru&LICENSE_KEY=X&SUPD_STS=1&SUPD_URS=1&TYPENC=D&CLIENT_PHPVER=8.1.27&NGINX=Y&dbv=8.0.36&instm=main%2C23.300.100%2CY%3Blanding%2C23.600.150%2CN%3Bvote%2C23.0.0%2CN%3Bseo%2C23.200.0%2CN%3Bbitrixcloud%2C22.100.0%2CN%3Bscale%2C21.0.0%2CN%3Bform%2C22.0.0%2CN%3Bsecurity%2C21.300.0%2CN%3Bhighloadblock%2C22.200.0%2CN%3Bmobileapp%2C23.0.0%2CN%3Bphotogallery%2C22.0.200%2CN%3Bforum%2C23.0.0%2CN%3Brest%2C23.100.0%2CN%3Blocation%2C23.0.0%2CN%3Bb24connector%2C22.0.0%2CN%3Bbitrix.sitepersonal%2C15.5.0%2CN%3Biblock%2C23.100.0%2CN%3Bsubscribe%2C21.0.0%2CN%3Bblog%2C22.0.0%2CN%3Bbitrix.sitecorporate%2C15.5.0%2CN%3Bclouds%2C23.0.0%2CN%3Bperfmon%2C21.0.0%2CN%3Bui%2C22.1600.0%2CN%3Bsocialservices%2C22.200.400%2CN%3Bmessageservice%2C23.0.0%2CN%3Bfileman%2C22.300.0%2CN%3Bsearch%2C22.100.0%2CN%3Bbitrix.siteinfoportal%2C15.5.0%2CN%3Btranslate%2C23.200.0%2CN&reqm=bitrix.sitepersonal%2Cbitrix.sitecorporate%2Cbitrix.siteinfoportal&fullmoduleinfo=Y&SUPD_SRS=RU&SUPD_CMP=N
2024-07-25 23:16:04 -  - exec CUpdateClientPartner::GetHTTPPage
2024-07-25 23:16:04 -  - TIME GetUpdatesList(request) 0.136 sec
2024-07-25 23:16:04 -  - exec CUpdateClientPartner::ParseServerData
2024-07-25 23:16:04 -  - exec CUpdateClientPartner::__CollectRequestData
2024-07-25 23:16:04 -  - exec CUpdateClientPartner::GetHTTPPage
2024-07-25 23:16:04 -  - exec CUpdateClientPartner::ParseServerData
2024-07-25 23:30:08 -  - exec CUpdateClientPartner::GetUpdatesList
2024-07-25 23:30:08 -  - exec CUpdateClientPartner::__CollectRequestData
2024-07-25 23:30:08 -  - utf=Y&lang=ru&stable=Y&CANGZIP=Y&SUPD_DBS=MYSQL&XE=N&CLIENT_SITE=pajgashov.study.mcart.ru&LICENSE_KEY=X&SUPD_STS=1&SUPD_URS=0&TYPENC=D&CLIENT_PHPVER=8.1.27&NGINX=Y&dbv=8.0.36&instm=main%2C24.0.500%2CY%3Blanding%2C24.400.200%2CN%3Bvote%2C24.0.0%2CN%3Bseo%2C24.0.0%2CN%3Bbitrixcloud%2C24.0.0%2CN%3Bscale%2C21.0.0%2CN%3Bform%2C24.0.0%2CN%3Bsecurity%2C24.0.0%2CN%3Bhighloadblock%2C24.0.100%2CN%3Bmobileapp%2C24.0.0%2CN%3Bphotogallery%2C24.0.0%2CN%3Bforum%2C24.100.300%2CN%3Brest%2C24.200.0%2CN%3Blocation%2C24.0.0%2CN%3Bb24connector%2C24.0.0%2CN%3Bbitrix.sitepersonal%2C15.5.0%2CN%3Biblock%2C24.0.100%2CN%3Bsubscribe%2C24.0.0%2CN%3Bblog%2C24.0.0%2CN%3Bbitrix.sitecorporate%2C15.5.0%2CN%3Bclouds%2C24.0.0%2CN%3Bperfmon%2C24.0.0%2CN%3Bui%2C24.200.400%2CN%3Bsocialservices%2C24.0.200%2CN%3Bmessageservice%2C24.350.0%2CN%3Bfileman%2C24.100.0%2CN%3Bsearch%2C24.0.0%2CN%3Bbitrix.siteinfoportal%2C15.5.0%2CN%3Btranslate%2C24.0.0%2CN&reqm=bitrix.sitepersonal%2Cbitrix.sitecorporate%2Cbitrix.siteinfoportal&fullmoduleinfo=Y&SUPD_SRS=RU&SUPD_CMP=N
2024-07-25 23:30:08 -  - exec CUpdateClientPartner::GetHTTPPage
2024-07-25 23:30:08 -  - TIME GetUpdatesList(request) 0.172 sec
2024-07-25 23:30:08 -  - exec CUpdateClientPartner::ParseServerData
2024-07-25 23:30:10 -  - exec CUpdateClientPartner::GetUpdatesList
2024-07-25 23:30:10 -  - exec CUpdateClientPartner::__CollectRequestData
2024-07-25 23:30:10 -  - utf=Y&lang=ru&stable=Y&CANGZIP=Y&SUPD_DBS=MYSQL&XE=N&CLIENT_SITE=pajgashov.study.mcart.ru&LICENSE_KEY=X&SUPD_STS=1&SUPD_URS=0&TYPENC=D&CLIENT_PHPVER=8.1.27&NGINX=Y&dbv=8.0.36&instm=main%2C24.0.500%2CY%3Blanding%2C24.400.200%2CN%3Bvote%2C24.0.0%2CN%3Bseo%2C24.0.0%2CN%3Bbitrixcloud%2C24.0.0%2CN%3Bscale%2C21.0.0%2CN%3Bform%2C24.0.0%2CN%3Bsecurity%2C24.0.0%2CN%3Bhighloadblock%2C24.0.100%2CN%3Bmobileapp%2C24.0.0%2CN%3Bphotogallery%2C24.0.0%2CN%3Bforum%2C24.100.300%2CN%3Brest%2C24.200.0%2CN%3Blocation%2C24.0.0%2CN%3Bb24connector%2C24.0.0%2CN%3Bbitrix.sitepersonal%2C15.5.0%2CN%3Biblock%2C24.0.100%2CN%3Bsubscribe%2C24.0.0%2CN%3Bblog%2C24.0.0%2CN%3Bbitrix.sitecorporate%2C15.5.0%2CN%3Bclouds%2C24.0.0%2CN%3Bperfmon%2C24.0.0%2CN%3Bui%2C24.200.400%2CN%3Bsocialservices%2C24.0.200%2CN%3Bmessageservice%2C24.350.0%2CN%3Bfileman%2C24.100.0%2CN%3Bsearch%2C24.0.0%2CN%3Bbitrix.siteinfoportal%2C15.5.0%2CN%3Btranslate%2C24.0.0%2CN&reqm=bitrix.sitepersonal%2Cbitrix.sitecorporate%2Cbitrix.siteinfoportal&SUPD_SRS=RU&SUPD_CMP=N
2024-07-25 23:30:10 -  - exec CUpdateClientPartner::GetHTTPPage
2024-07-25 23:30:10 -  - TIME GetUpdatesList(request) 0.129 sec
2024-07-25 23:30:10 -  - exec CUpdateClientPartner::ParseServerData
2024-07-25 23:30:11 -  - exec CUpdateClientPartner::LoadModulesUpdates
2024-07-25 23:30:11 -  - exec CUpdateClientPartner::__CollectRequestData
2024-07-25 23:30:11 -  - utf=Y&lang=ru&stable=Y&CANGZIP=Y&SUPD_DBS=MYSQL&XE=N&CLIENT_SITE=pajgashov.study.mcart.ru&LICENSE_KEY=X&SUPD_STS=1&SUPD_URS=0&TYPENC=D&CLIENT_PHPVER=8.1.27&NGINX=Y&dbv=8.0.36&instm=main%2C24.0.500%2CY%3Blanding%2C24.400.200%2CN%3Bvote%2C24.0.0%2CN%3Bseo%2C24.0.0%2CN%3Bbitrixcloud%2C24.0.0%2CN%3Bscale%2C21.0.0%2CN%3Bform%2C24.0.0%2CN%3Bsecurity%2C24.0.0%2CN%3Bhighloadblock%2C24.0.100%2CN%3Bmobileapp%2C24.0.0%2CN%3Bphotogallery%2C24.0.0%2CN%3Bforum%2C24.100.300%2CN%3Brest%2C24.200.0%2CN%3Blocation%2C24.0.0%2CN%3Bb24connector%2C24.0.0%2CN%3Bbitrix.sitepersonal%2C15.5.0%2CN%3Biblock%2C24.0.100%2CN%3Bsubscribe%2C24.0.0%2CN%3Bblog%2C24.0.0%2CN%3Bbitrix.sitecorporate%2C15.5.0%2CN%3Bclouds%2C24.0.0%2CN%3Bperfmon%2C24.0.0%2CN%3Bui%2C24.200.400%2CN%3Bsocialservices%2C24.0.200%2CN%3Bmessageservice%2C24.350.0%2CN%3Bfileman%2C24.100.0%2CN%3Bsearch%2C24.0.0%2CN%3Bbitrix.siteinfoportal%2C15.5.0%2CN%3Btranslate%2C24.0.0%2CN&reqm=bitrix.sitepersonal%2Cbitrix.sitecorporate%2Cbitrix.siteinfoportal&SUPD_SRS=RU&SUPD_CMP=N
2024-07-25 23:30:11 -  - exec CUpdateClientPartner::GetHTTPPage
2024-07-25 23:30:11 -  - TIME LoadModulesUpdates(request) 0.136 sec
2024-07-25 23:30:11 -  - exec CUpdateClientPartner::ParseServerData
2024-07-25 23:30:11 - S - STEP
2024-07-25 23:30:11 - LMU01 - LoadModulesUpdates-Step
2024-07-25 23:30:11 -  - exec CUpdateClientPartner::LoadModulesUpdates
2024-07-25 23:30:11 -  - exec CUpdateClientPartner::ParseServerData
2024-07-25 23:30:11 -  - loadFile
2024-07-25 23:30:12 - U - RETURN
2024-07-25 23:30:12 -  - exec CUpdateClientPartner::UnGzipArchive
2024-07-25 23:30:12 -  - TIME UnGzipArchive 0.178 sec
2024-07-25 23:30:12 - CSURUS1 - Run updater '/bitrix/updates/update_m1721939412/bitrix.sitecorporate/updater24.0.0.php'
2024-07-25 23:30:16 -  - TIME UpdateStepModules 3.873 sec
2024-07-25 23:30:16 - UPD_SUCCESS - Updated: bitrix.sitecorporate (24.0.0)<br><li>Переход на UTF-8. 
2024-07-25 23:30:16 -  - exec CUpdateClientPartner::LoadModulesUpdates
2024-07-25 23:30:16 -  - exec CUpdateClientPartner::__CollectRequestData
2024-07-25 23:30:16 -  - utf=Y&lang=ru&stable=Y&CANGZIP=Y&SUPD_DBS=MYSQL&XE=N&CLIENT_SITE=pajgashov.study.mcart.ru&LICENSE_KEY=X&SUPD_STS=1&SUPD_URS=0&TYPENC=D&CLIENT_PHPVER=8.1.27&NGINX=Y&dbv=8.0.36&instm=main%2C24.0.500%2CY%3Blanding%2C24.400.200%2CN%3Bvote%2C24.0.0%2CN%3Bseo%2C24.0.0%2CN%3Bbitrixcloud%2C24.0.0%2CN%3Bscale%2C21.0.0%2CN%3Bform%2C24.0.0%2CN%3Bsecurity%2C24.0.0%2CN%3Bhighloadblock%2C24.0.100%2CN%3Bmobileapp%2C24.0.0%2CN%3Bphotogallery%2C24.0.0%2CN%3Bforum%2C24.100.300%2CN%3Brest%2C24.200.0%2CN%3Blocation%2C24.0.0%2CN%3Bb24connector%2C24.0.0%2CN%3Bbitrix.sitepersonal%2C15.5.0%2CN%3Biblock%2C24.0.100%2CN%3Bsubscribe%2C24.0.0%2CN%3Bblog%2C24.0.0%2CN%3Bbitrix.sitecorporate%2C24.0.0%2CN%3Bclouds%2C24.0.0%2CN%3Bperfmon%2C24.0.0%2CN%3Bui%2C24.200.400%2CN%3Bsocialservices%2C24.0.200%2CN%3Bmessageservice%2C24.350.0%2CN%3Bfileman%2C24.100.0%2CN%3Bsearch%2C24.0.0%2CN%3Bbitrix.siteinfoportal%2C15.5.0%2CN%3Btranslate%2C24.0.0%2CN&reqm=bitrix.sitepersonal%2Cbitrix.sitecorporate%2Cbitrix.siteinfoportal&SUPD_SRS=RU&SUPD_CMP=N
2024-07-25 23:30:16 -  - exec CUpdateClientPartner::GetHTTPPage
2024-07-25 23:30:16 -  - TIME LoadModulesUpdates(request) 0.11 sec
2024-07-25 23:30:16 -  - exec CUpdateClientPartner::ParseServerData
2024-07-25 23:30:16 - STEP - Finish - NOUPDATES
2024-07-25 23:30:16 - STEP - Finish - NOUPDATES
