2024-Jul-25 23:30:45 Наличие необходимых модулей php (check_php_modules): Ok
Все необходимые модули установлены
2024-Jul-25 23:30:45 Обязательные параметры PHP (check_php_settings): Ok
Настройки правильные
2024-Jul-25 23:30:45 Модули веб-сервера (check_security): Ok
Конфликтов не выявлено
2024-Jul-25 23:30:45 Значения переменных сервера (check_server_vars): Ok
Корректные
2024-Jul-25 23:30:45 Сохранение сессии (check_session): Ok
50% done
2024-Jul-25 23:30:45 Сохранение сессии (check_session): Ok
Успешно
2024-Jul-25 23:30:45 Параметры настройки UTF (mbstring и константа BX_UTF) (check_mbstring): Ok
Правильные. Сайт работает в UTF кодировке
2024-Jul-25 23:30:45 Служебные скрипты в корне сайта (check_install_scripts): Ok
Отсутствуют
2024-Jul-25 23:30:45 Работа с сокетами (check_socket): Ok
Connection to ssl://pajgashov.study.mcart.ru:443	Success

Успешно
2024-Jul-25 23:30:46 Выполнение агентов на cron (check_bx_crontab): Ok
Успешно
2024-Jul-25 23:30:46 Лишний вывод в файлах конфигурации (check_dbconn): Ok
Connection to ssl://pajgashov.study.mcart.ru:443	Success

Успешно
2024-Jul-25 23:30:46 Сохранение сессии без UserAgent (check_session_ua): Ok
50% done
Connection to ssl://pajgashov.study.mcart.ru:443	Success

2024-Jul-25 23:30:46 Сохранение сессии без UserAgent (check_session_ua): Ok
Connection to ssl://pajgashov.study.mcart.ru:443	Success

Успешно
2024-Jul-25 23:30:46 Настройки сайтов (check_sites): Ok
Правильные
2024-Jul-25 23:30:46 Размер стека и pcre.recursion_limit (check_pcre_recursion): Ok
Connection to ssl://pajgashov.study.mcart.ru:443	Success

Успешно
2024-Jul-25 23:30:46 Загрузка файла (check_upload): Ok
Connection to ssl://pajgashov.study.mcart.ru:443	Success

Успешно
2024-Jul-25 23:30:46 Загрузка файла больше 4Мб (check_upload_big): Ok
Connection to ssl://pajgashov.study.mcart.ru:443	Success

Успешно
2024-Jul-25 23:30:46 Загрузка файла через php://input (check_upload_raw): Ok
Connection to ssl://pajgashov.study.mcart.ru:443	Success

Успешно
2024-Jul-25 23:30:46 Передача POST запроса с большим числом параметров (check_post): Ok
Connection to ssl://pajgashov.study.mcart.ru:443	Success

Успешно
2024-Jul-25 23:30:47 Отправка почты (check_mail): Ok
Успешно
2024-Jul-25 23:30:47 Отправка почтового сообщения больше 64Кб (check_mail_big): Ok
Успешно
2024-Jul-25 23:30:47 Проверка на наличие неотправленных сообщений (check_mail_b_event): Ok
Успешно
2024-Jul-25 23:30:48 Внутреннее перенаправление (функция LocalRedirect) (check_localredirect): Ok
50% done
Connection to ssl://pajgashov.study.mcart.ru:443	Success

2024-Jul-25 23:30:48 Внутреннее перенаправление (функция LocalRedirect) (check_localredirect): Ok
Connection to ssl://pajgashov.study.mcart.ru:443	Success

Успешно
2024-Jul-25 23:30:48 Фактическое ограничение памяти (check_memory_limit): Ok
20% done
Connection to ssl://pajgashov.study.mcart.ru:443	Success

2024-Jul-25 23:30:48 Фактическое ограничение памяти (check_memory_limit): Ok
40% done
Connection to ssl://pajgashov.study.mcart.ru:443	Success

2024-Jul-25 23:30:48 Фактическое ограничение памяти (check_memory_limit): Ok
60% done
Connection to ssl://pajgashov.study.mcart.ru:443	Success

2024-Jul-25 23:30:49 Фактическое ограничение памяти (check_memory_limit): Ok
80% done
Connection to ssl://pajgashov.study.mcart.ru:443	Success

2024-Jul-25 23:30:49 Фактическое ограничение памяти (check_memory_limit): Ok
Connection to ssl://pajgashov.study.mcart.ru:443	Success

Не менее 256 М
2024-Jul-25 23:30:49 Работа с файлами кеша (check_cache): Ok
Успешно
2024-Jul-25 23:30:49 Доступ к серверу обновлений (check_update): Ok
Успешно
2024-Jul-25 23:30:49 HTTP авторизация (check_http_auth): Ok
Connection to ssl://pajgashov.study.mcart.ru:443	Success

Успешно
2024-Jul-25 23:30:49 Создание и запуск файла (check_exec): Ok
Connection to ssl://pajgashov.study.mcart.ru:443	Success

Успешно
2024-Jul-25 23:30:49 Функция getimagesize для swf (check_getimagesize): Ok
Успешно
2024-Jul-25 23:30:49 Версия MySQL-сервера (check_mysql_bug_version): Ok
Успешно
2024-Jul-25 23:30:50 Время на БД и веб-сервере (check_mysql_time): Ok
Успешно
2024-Jul-25 23:30:50 Режим работы MySQL (check_mysql_mode): Ok
Успешно
2024-Jul-25 23:30:50 Кодировка соединения (check_mysql_connection_charset): Ok
character_set_connection=utf8mb3, collation_connection=utf8mb3_unicode_ci, character_set_results=utf8mb3
Успешно
2024-Jul-25 23:30:50 Кодировка базы данных (check_mysql_db_charset): Ok
CHARSET=utf8mb3, COLLATION=utf8mb3_unicode_ci
Успешно
2024-Jul-25 23:30:50 Формат хранения таблиц в БД (check_mysql_table_format): Ok
Успешно
2024-Jul-25 23:30:50 Кодировки таблиц в БД (check_mysql_table_charset): Ok
Успешно
2024-Jul-25 23:31:09 Структура базы данных (check_mysql_table_structure): Ok
0% done
2024-Jul-25 23:31:12 Структура базы данных (check_mysql_table_structure): Ok
3% done
2024-Jul-25 23:31:20 Структура базы данных (check_mysql_table_structure): Ok
7% done
2024-Jul-25 23:32:03 Структура базы данных (check_mysql_table_structure): Ok
11% done
2024-Jul-25 23:32:04 Структура базы данных (check_mysql_table_structure): Ok
15% done
2024-Jul-25 23:32:04 Структура базы данных (check_mysql_table_structure): Ok
19% done
2024-Jul-25 23:32:11 Структура базы данных (check_mysql_table_structure): Ok
23% done
2024-Jul-25 23:32:15 Структура базы данных (check_mysql_table_structure): Ok
26% done
2024-Jul-25 23:32:16 Структура базы данных (check_mysql_table_structure): Ok
30% done
2024-Jul-25 23:32:16 Структура базы данных (check_mysql_table_structure): Ok
34% done
2024-Jul-25 23:32:16 Структура базы данных (check_mysql_table_structure): Ok
38% done
2024-Jul-25 23:32:30 Структура базы данных (check_mysql_table_structure): Ok
42% done
2024-Jul-25 23:32:36 Структура базы данных (check_mysql_table_structure): Ok
46% done
2024-Jul-25 23:32:39 Структура базы данных (check_mysql_table_structure): Ok
50% done
2024-Jul-25 23:32:39 Структура базы данных (check_mysql_table_structure): Ok
53% done
2024-Jul-25 23:32:50 Структура базы данных (check_mysql_table_structure): Ok
57% done
2024-Jul-25 23:32:52 Структура базы данных (check_mysql_table_structure): Ok
61% done
2024-Jul-25 23:32:59 Структура базы данных (check_mysql_table_structure): Ok
65% done
2024-Jul-25 23:33:01 Структура базы данных (check_mysql_table_structure): Ok
69% done
2024-Jul-25 23:33:06 Структура базы данных (check_mysql_table_structure): Ok
73% done
2024-Jul-25 23:33:12 Структура базы данных (check_mysql_table_structure): Ok
76% done
2024-Jul-25 23:33:16 Структура базы данных (check_mysql_table_structure): Ok
80% done
2024-Jul-25 23:33:18 Структура базы данных (check_mysql_table_structure): Ok
84% done
2024-Jul-25 23:33:19 Структура базы данных (check_mysql_table_structure): Ok
88% done
2024-Jul-25 23:33:24 Структура базы данных (check_mysql_table_structure): Ok
92% done
2024-Jul-25 23:33:26 Структура базы данных (check_mysql_table_structure): Ok
96% done
2024-Jul-25 23:33:26 Структура базы данных (check_mysql_table_structure): Ok
Успешно
